# IPython log file

# Fri, 06 Dec 2019 12:44:53
a = 3
a**2
9#[Out]# 9
# Fri, 06 Dec 2019 12:45:27
a == 3 # Boolean expression, also called a conditional#[Out]# True
# Fri, 06 Dec 2019 12:46:13
a+1 >= 2 and a**2 != 5 # compound conditional#[Out]# True
# Fri, 06 Dec 2019 12:48:35
# 3a. Prediction:
a**2 >= 9 and not a>3


# if prediction was wrong, discuss and explain
# 3b. Prediction:
a+2 == 5 or a-1 != 3


# if prediction was wrong, discuss and explain#[Out]# True
# Fri, 06 Dec 2019 12:48:50
x, y = (65, 40)
x#[Out]# 65
# Fri, 06 Dec 2019 12:49:17
50 < x and x < 80 and 30 <= and y <= 45# Fri, 06 Dec 2019 12:49:57
50 < x and x < 80 and 30 <= y and y <= 45#[Out]# True
# Fri, 06 Dec 2019 12:50:34
# 4. Compound conditional
(type your compound condtional here)# Fri, 06 Dec 2019 12:52:55
# 4. Compound conditional
(90 < x and x < 80 and 30 <= y and y <= 45)#[Out]# False
# Fri, 06 Dec 2019 12:53:44
# 4. Compound conditional
(90 < x and x < 80 and 50 <= y and y <= 45)#[Out]# False
# Fri, 06 Dec 2019 13:03:03
 def age_limit_output(age):
            '''Step 6a if-else example'''
            AGE_LIMIT = 13     # convention: use CAPS for constants
            if age < AGE_LIMIT:
                print (age, 'is below the age limit.')
            else:
                print(age, 'is old enough.')
            print(' minimum age is ', AGE_LIMIT)# Fri, 06 Dec 2019 13:03:41
age_limit_output (10)
age_limit_output (16)# Fri, 06 Dec 2019 13:04:15
def report_grade(percent):
        '''step 6b if-else'''
        # Fri, 06 Dec 2019 13:05:50
't' in 'string' # includes lowercase t character#[Out]# True
# Fri, 06 Dec 2019 13:06:36
'T' in 'string' # case matters#[Out]# False
# Fri, 06 Dec 2019 13:07:08
3 in [1,2,3] # this list contains the 3 int#[Out]# True
# Fri, 06 Dec 2019 13:07:53
'3' in [1,2,3] # '3' is a string, different than 3#[Out]# False
# Fri, 06 Dec 2019 13:08:22
def vowel(letter):
    vowels = 'aeiouAEIOU'
    if letter in vowels:
        return True
    else:
        return False
# should check len(letter)==1# Fri, 06 Dec 2019 13:08:43
letter_in_word ('t', 'secret hangman phrase')# Fri, 06 Dec 2019 13:09:38
def letter_in_word(guess, word)
letter_in_word ('t', 'secret hangman phrase')